{"pid":1260,"shlvl":1,"level":"ERROR","dir":"/Users/ysnishi","message":"fatal: unable to access 'https://github.com/zsh-users/zsh-completions\u00ac.git/': The requested URL returned error: 400","trace":["__zplug::log::capture::error:8","__zplug::utils::git::clone:59","__zplug::sources::github::install:4","(eval):1","__zplug::core::sources::use_handler:13","__install__:52","__zplug::core::core::run_interfaces:14","zplug:12",".zshrc:41","zsh:54"],"date":"2018-10-11T23:01:08+0900"}
{"pid":1260,"shlvl":1,"level":"ERROR","dir":"/Users/ysnishi","message":"no such directory '/usr/local/opt/zplug/repos/zsh-users/zsh-completions\u00ac' (zsh-users/zsh-completions\u00ac)\n","trace":["__zplug::log::write::error:2","__zplug::io::print::f:131","__zplug::utils::git::checkout:25","__zplug::utils::git::clone:72","__zplug::sources::github::install:4","(eval):1","__zplug::core::sources::use_handler:13","__install__:52","__zplug::core::core::run_interfaces:14","zplug:12",".zshrc:41","zsh:54"],"date":"2018-10-11T23:01:08+0900"}
{"pid":1260,"shlvl":1,"level":"INFO","dir":"/Users/ysnishi","message":"turn monitor on","trace":["__zplug::log::write::info:2","__zplug::job::polling::periodic:9","-zsh:55"],"date":"2018-10-11T23:01:38+0900"}
{"pid":1260,"shlvl":1,"level":"ERROR","dir":"/Users/ysnishi","message":"-h: unknown option\n","trace":["__zplug::log::write::error:2","__zplug::io::print::f:131","__zplug::core::options::unknown:4","__zplug::core::options::short:2","__zplug::core::options::parse:25","zplug:7","-zsh:56"],"date":"2018-10-11T23:02:25+0900"}
{"pid":1260,"shlvl":1,"level":"ERROR","dir":"/Users/ysnishi","message":"--hepl: unknown option\n","trace":["__zplug::log::write::error:2","__zplug::io::print::f:131","__zplug::core::options::unknown:4","__zplug::core::options::long:27","__zplug::core::options::parse:18","zplug:7","-zsh:57"],"date":"2018-10-11T23:02:29+0900"}
{"pid":1260,"shlvl":1,"level":"INFO","dir":"/Users/ysnishi","message":"turn monitor on","trace":["__zplug::log::write::info:2","__zplug::job::polling::periodic:9","-zsh:63"],"date":"2018-10-11T23:08:48+0900"}
{"pid":1260,"shlvl":1,"level":"INFO","dir":"/Users/ysnishi","message":"turn monitor on","trace":["__zplug::log::write::info:2","__zplug::job::polling::periodic:9","-zsh:66"],"date":"2018-10-11T23:16:29+0900"}
{"pid":1260,"shlvl":1,"level":"INFO","dir":"/Users/ysnishi","message":"turn monitor on","trace":["__zplug::log::write::info:2","__zplug::job::polling::periodic:9","-zsh:69"],"date":"2018-10-11T23:17:28+0900"}
{"pid":1260,"shlvl":1,"level":"INFO","dir":"/Users/ysnishi","message":"turn monitor on","trace":["__zplug::log::write::info:2","__zplug::job::polling::periodic:9","-zsh:73"],"date":"2018-10-11T23:18:27+0900"}
{"pid":1260,"shlvl":1,"level":"INFO","dir":"/Users/ysnishi","message":"turn monitor on","trace":["__zplug::log::write::info:2","__zplug::job::polling::periodic:9","-zsh:78"],"date":"2018-10-11T23:19:01+0900"}
{"pid":1260,"shlvl":1,"level":"INFO","dir":"/Users/ysnishi","message":"turn monitor on","trace":["__zplug::log::write::info:2","__zplug::job::polling::periodic:9","-zsh:80"],"date":"2018-10-11T23:23:55+0900"}
{"pid":1260,"shlvl":1,"level":"INFO","dir":"/Users/ysnishi","message":"turn monitor on","trace":["__zplug::log::write::info:2","__zplug::job::polling::periodic:9","-zsh:89"],"date":"2018-10-11T23:41:00+0900"}
{"pid":1260,"shlvl":1,"level":"INFO","dir":"/Users/ysnishi","message":"turn monitor on","trace":["__zplug::log::write::info:2","__zplug::job::polling::periodic:9","-zsh:91"],"date":"2018-10-11T23:44:03+0900"}
{"pid":1260,"shlvl":1,"level":"INFO","dir":"/Users/ysnishi","message":"turn monitor on","trace":["__zplug::log::write::info:2","__zplug::job::polling::periodic:9","-zsh:93"],"date":"2018-10-11T23:44:49+0900"}
{"pid":1260,"shlvl":1,"level":"INFO","dir":"/Users/ysnishi","message":"turn monitor on","trace":["__zplug::log::write::info:2","__zplug::job::polling::periodic:9","-zsh:96"],"date":"2018-10-11T23:50:18+0900"}
{"pid":1260,"shlvl":1,"level":"INFO","dir":"/Users/ysnishi","message":"turn monitor on","trace":["__zplug::log::write::info:2","__zplug::job::polling::periodic:9","-zsh:98"],"date":"2018-10-11T23:51:04+0900"}
{"pid":1260,"shlvl":1,"level":"INFO","dir":"/Users/ysnishi","message":"turn monitor on","trace":["__zplug::log::write::info:2","__zplug::job::polling::periodic:9","-zsh:104"],"date":"2018-10-11T23:53:26+0900"}
{"pid":1260,"shlvl":1,"level":"INFO","dir":"/Users/ysnishi","message":"turn monitor on","trace":["__zplug::log::write::info:2","__zplug::job::polling::periodic:9","-zsh:108"],"date":"2018-10-11T23:59:26+0900"}
{"pid":1260,"shlvl":1,"level":"INFO","dir":"/Users/ysnishi","message":"turn monitor on","trace":["__zplug::log::write::info:2","__zplug::job::polling::periodic:9","-zsh:111"],"date":"2018-10-12T00:01:20+0900"}
{"pid":1260,"shlvl":1,"level":"INFO","dir":"/Users/ysnishi","message":"turn monitor on","trace":["__zplug::log::write::info:2","__zplug::job::polling::periodic:9","-zsh:115"],"date":"2018-10-12T00:02:13+0900"}
{"pid":1260,"shlvl":1,"level":"INFO","dir":"/Users/ysnishi","message":"turn monitor on","trace":["__zplug::log::write::info:2","__zplug::job::polling::periodic:9","-zsh:119"],"date":"2018-10-12T00:07:12+0900"}
{"pid":1260,"shlvl":1,"level":"INFO","dir":"/Users/ysnishi","message":"turn monitor on","trace":["__zplug::log::write::info:2","__zplug::job::polling::periodic:9","-zsh:121"],"date":"2018-10-12T00:24:27+0900"}
{"pid":1260,"shlvl":1,"level":"INFO","dir":"/Users/ysnishi","message":"turn monitor on","trace":["__zplug::log::write::info:2","__zplug::job::polling::periodic:9","-zsh:132"],"date":"2018-10-12T00:29:59+0900"}
{"pid":13896,"shlvl":1,"level":"INFO","dir":"/Users/ysnishi","message":"turn monitor on","trace":["__zplug::log::write::info:2","__zplug::job::polling::periodic:9","-zsh:1"],"date":"2018-10-12T00:31:42+0900"}
{"pid":13896,"shlvl":1,"level":"INFO","dir":"/Users/ysnishi","message":"turn monitor on","trace":["__zplug::log::write::info:2","__zplug::job::polling::periodic:9","-zsh:6"],"date":"2018-10-12T00:33:29+0900"}
{"pid":13896,"shlvl":1,"level":"INFO","dir":"/Users/ysnishi","message":"turn monitor on","trace":["__zplug::log::write::info:2","__zplug::job::polling::periodic:9","-zsh:8"],"date":"2018-10-12T00:39:56+0900"}
{"pid":13896,"shlvl":1,"level":"INFO","dir":"/Users/ysnishi","message":"turn monitor on","trace":["__zplug::log::write::info:2","__zplug::job::polling::periodic:9","-zsh:11"],"date":"2018-10-12T00:41:36+0900"}
{"pid":13896,"shlvl":1,"level":"INFO","dir":"/Users/ysnishi","message":"turn monitor on","trace":["__zplug::log::write::info:2","__zplug::job::polling::periodic:9","-zsh:13"],"date":"2018-10-12T00:42:59+0900"}
{"pid":13896,"shlvl":1,"level":"INFO","dir":"/Users/ysnishi","message":"turn monitor on","trace":["__zplug::log::write::info:2","__zplug::job::polling::periodic:9","-zsh:21"],"date":"2018-10-12T00:43:49+0900"}
{"pid":13896,"shlvl":1,"level":"INFO","dir":"/Users/ysnishi","message":"turn monitor on","trace":["__zplug::log::write::info:2","__zplug::job::polling::periodic:9","-zsh:24"],"date":"2018-10-12T00:45:01+0900"}
{"pid":13896,"shlvl":1,"level":"INFO","dir":"/Users/ysnishi/drone/ardupilot/APMrover2","message":"turn monitor on","trace":["__zplug::log::write::info:2","__zplug::job::polling::periodic:9","-zsh:26"],"date":"2018-10-12T00:45:53+0900"}
{"pid":13896,"shlvl":1,"level":"INFO","dir":"/Users/ysnishi","message":"turn monitor on","trace":["__zplug::log::write::info:2","__zplug::job::polling::periodic:9","-zsh:34"],"date":"2018-10-12T00:53:15+0900"}
{"pid":13896,"shlvl":1,"level":"INFO","dir":"/Users/ysnishi/dotfiles","message":"turn monitor on","trace":["__zplug::log::write::info:2","__zplug::job::polling::periodic:9","-zsh:38"],"date":"2018-10-12T00:58:38+0900"}
{"pid":13896,"shlvl":1,"level":"INFO","dir":"/Users/ysnishi","message":"turn monitor on","trace":["__zplug::log::write::info:2","__zplug::job::polling::periodic:9","-zsh:42"],"date":"2018-10-12T01:02:43+0900"}
{"pid":13896,"shlvl":1,"level":"INFO","dir":"/Users/ysnishi","message":"turn monitor on","trace":["__zplug::log::write::info:2","__zplug::job::polling::periodic:9","-zsh:44"],"date":"2018-10-12T01:05:04+0900"}
{"pid":13896,"shlvl":1,"level":"INFO","dir":"/Users/ysnishi","message":"turn monitor on","trace":["__zplug::log::write::info:2","__zplug::job::polling::periodic:9","-zsh:46"],"date":"2018-10-12T01:12:23+0900"}
{"pid":13896,"shlvl":1,"level":"INFO","dir":"/Users/ysnishi","message":"turn monitor on","trace":["__zplug::log::write::info:2","__zplug::job::polling::periodic:9","-zsh:58"],"date":"2018-10-12T01:30:35+0900"}
{"pid":18751,"shlvl":1,"level":"INFO","dir":"/Users/ysnishi","message":"turn monitor on","trace":["__zplug::log::write::info:2","__zplug::job::polling::periodic:9","-zsh:1"],"date":"2018-10-12T02:13:18+0900"}
{"pid":18751,"shlvl":1,"level":"INFO","dir":"/Users/ysnishi","message":"turn monitor on","trace":["__zplug::log::write::info:2","__zplug::job::polling::periodic:9","-zsh:17"],"date":"2018-10-12T03:34:35+0900"}
{"pid":19673,"shlvl":1,"level":"INFO","dir":"/Users/ysnishi","message":"turn monitor on","trace":["__zplug::log::write::info:2","__zplug::job::polling::periodic:9","-zsh:1"],"date":"2018-10-12T03:34:59+0900"}
{"pid":720,"shlvl":1,"level":"INFO","dir":"/Users/ysnishi","message":"turn monitor on","trace":["__zplug::log::write::info:2","__zplug::job::polling::periodic:9","-zsh:1"],"date":"2018-10-12T16:15:05+0900"}
{"pid":1823,"shlvl":2,"level":"INFO","dir":"/Users/ysnishi","message":"turn monitor on","trace":["__zplug::log::write::info:2","__zplug::job::polling::periodic:9","-zsh:1"],"date":"2018-10-12T16:16:24+0900"}
{"pid":3301,"shlvl":2,"level":"INFO","dir":"/Users/ysnishi/dotfiles","message":"turn monitor on","trace":["__zplug::log::write::info:2","__zplug::job::polling::periodic:9","-zsh:1"],"date":"2018-10-12T16:36:02+0900"}
{"pid":3544,"shlvl":2,"level":"INFO","dir":"/Users/ysnishi/dotfiles","message":"turn monitor on","trace":["__zplug::log::write::info:2","__zplug::job::polling::periodic:9","-zsh:1"],"date":"2018-10-12T16:37:39+0900"}
{"pid":3944,"shlvl":1,"level":"INFO","dir":"/Users/ysnishi","message":"turn monitor on","trace":["__zplug::log::write::info:2","__zplug::job::polling::periodic:9","-zsh:1"],"date":"2018-10-12T16:40:50+0900"}
{"pid":4454,"shlvl":1,"level":"INFO","dir":"/Users/ysnishi","message":"turn monitor on","trace":["__zplug::log::write::info:2","__zplug::job::polling::periodic:9","-zsh:1"],"date":"2018-10-12T16:49:02+0900"}
{"pid":4454,"shlvl":1,"level":"INFO","dir":"/Users/ysnishi/dotfiles","message":"turn monitor on","trace":["__zplug::log::write::info:2","__zplug::job::polling::periodic:9","-zsh:24"],"date":"2018-10-12T17:15:18+0900"}
{"pid":7237,"shlvl":1,"level":"INFO","dir":"/Users/ysnishi","message":"turn monitor on","trace":["__zplug::log::write::info:2","__zplug::job::polling::periodic:9","-zsh:1"],"date":"2018-10-12T17:20:13+0900"}
{"pid":7427,"shlvl":2,"level":"INFO","dir":"/Users/ysnishi","message":"turn monitor on","trace":["__zplug::log::write::info:2","__zplug::job::polling::periodic:9","-zsh:1"],"date":"2018-10-12T17:20:26+0900"}
{"pid":7623,"shlvl":2,"level":"INFO","dir":"/Users/ysnishi","message":"turn monitor on","trace":["__zplug::log::write::info:2","__zplug::job::polling::periodic:9","-zsh:1"],"date":"2018-10-12T17:20:40+0900"}
{"pid":7952,"shlvl":2,"level":"INFO","dir":"/Users/ysnishi","message":"turn monitor on","trace":["__zplug::log::write::info:2","__zplug::job::polling::periodic:9","-zsh:1"],"date":"2018-10-12T17:27:12+0900"}
{"pid":8191,"shlvl":2,"level":"INFO","dir":"/Users/ysnishi","message":"turn monitor on","trace":["__zplug::log::write::info:2","__zplug::job::polling::periodic:9","-zsh:1"],"date":"2018-10-12T17:29:18+0900"}
{"pid":7237,"shlvl":1,"level":"INFO","dir":"/Users/ysnishi","message":"turn monitor on","trace":["__zplug::log::write::info:2","__zplug::job::polling::periodic:9","-zsh:22"],"date":"2018-10-12T17:32:52+0900"}
{"pid":1997,"shlvl":1,"level":"INFO","dir":"/Users/ysnishi","message":"turn monitor on","trace":["__zplug::log::write::info:2","__zplug::job::polling::periodic:9","-zsh:1"],"date":"2018-10-15T17:56:29+0900"}
{"pid":1997,"shlvl":1,"level":"INFO","dir":"/Users/ysnishi/dotfiles","message":"turn monitor on","trace":["__zplug::log::write::info:2","__zplug::job::polling::periodic:9","-zsh:53"],"date":"2018-10-15T20:03:01+0900"}
{"pid":6859,"shlvl":1,"level":"INFO","dir":"/Users/ysnishi","message":"turn monitor on","trace":["__zplug::log::write::info:2","__zplug::job::polling::periodic:9","-zsh:1"],"date":"2018-10-15T20:03:07+0900"}
{"pid":8900,"shlvl":1,"level":"INFO","dir":"/Users/ysnishi","message":"turn monitor on","trace":["__zplug::log::write::info:2","__zplug::job::polling::periodic:9","-zsh:1"],"date":"2018-10-15T21:11:23+0900"}
{"pid":11133,"shlvl":1,"level":"INFO","dir":"/Users/ysnishi","message":"turn monitor on","trace":["__zplug::log::write::info:2","__zplug::job::polling::periodic:9","-zsh:1"],"date":"2018-10-15T21:38:27+0900"}
{"pid":12139,"shlvl":1,"level":"INFO","dir":"/Users/ysnishi","message":"turn monitor on","trace":["__zplug::log::write::info:2","__zplug::job::polling::periodic:9","-zsh:1"],"date":"2018-10-15T21:54:11+0900"}
{"pid":12139,"shlvl":1,"level":"INFO","dir":"/Users/ysnishi","message":"turn monitor on","trace":["__zplug::log::write::info:2","__zplug::job::polling::periodic:9","-zsh:14"],"date":"2018-10-15T21:59:53+0900"}
{"pid":12139,"shlvl":1,"level":"INFO","dir":"/Users/ysnishi","message":"turn monitor on","trace":["__zplug::log::write::info:2","__zplug::job::polling::periodic:9","-zsh:15"],"date":"2018-10-15T22:00:45+0900"}
{"pid":16127,"shlvl":1,"level":"INFO","dir":"/Users/ysnishi","message":"turn monitor on","trace":["__zplug::log::write::info:2","__zplug::job::polling::periodic:9","-zsh:1"],"date":"2018-10-15T22:17:05+0900"}
{"pid":16127,"shlvl":1,"level":"INFO","dir":"/Users/ysnishi","message":"turn monitor on","trace":["__zplug::log::write::info:2","__zplug::job::polling::periodic:9","-zsh:4"],"date":"2018-10-16T00:36:08+0900"}
{"pid":16671,"shlvl":1,"level":"INFO","dir":"/Users/ysnishi","message":"turn monitor on","trace":["__zplug::log::write::info:2","__zplug::job::polling::periodic:9","-zsh:1"],"date":"2018-10-16T00:36:43+0900"}
{"pid":16671,"shlvl":1,"level":"INFO","dir":"/Users/ysnishi","message":"turn monitor on","trace":["__zplug::log::write::info:2","__zplug::job::polling::periodic:9","-zsh:13"],"date":"2018-10-16T00:38:23+0900"}
{"pid":17794,"shlvl":1,"level":"INFO","dir":"/Users/ysnishi","message":"turn monitor on","trace":["__zplug::log::write::info:2","__zplug::job::polling::periodic:9","-zsh:1"],"date":"2018-10-16T00:45:55+0900"}
{"pid":18034,"shlvl":1,"level":"INFO","dir":"/Users/ysnishi","message":"turn monitor on","trace":["__zplug::log::write::info:2","__zplug::job::polling::periodic:9","-zsh:1"],"date":"2018-10-16T00:47:46+0900"}
{"pid":18277,"shlvl":1,"level":"INFO","dir":"/Users/ysnishi","message":"turn monitor on","trace":["__zplug::log::write::info:2","__zplug::job::polling::periodic:9","-zsh:1"],"date":"2018-10-16T00:51:15+0900"}
{"pid":18664,"shlvl":1,"level":"INFO","dir":"/Users/ysnishi","message":"turn monitor on","trace":["__zplug::log::write::info:2","__zplug::job::polling::periodic:9","-zsh:1"],"date":"2018-10-16T00:52:22+0900"}
{"pid":726,"shlvl":1,"level":"INFO","dir":"/Users/ysnishi","message":"turn monitor on","trace":["__zplug::log::write::info:2","__zplug::job::polling::periodic:9","-zsh:1"],"date":"2018-10-16T00:55:28+0900"}
{"pid":1480,"shlvl":1,"level":"INFO","dir":"/Users/ysnishi","message":"turn monitor on","trace":["__zplug::log::write::info:2","__zplug::job::polling::periodic:9","-zsh:1"],"date":"2018-10-16T01:00:37+0900"}
{"pid":2224,"shlvl":1,"level":"INFO","dir":"/Users/ysnishi","message":"turn monitor on","trace":["__zplug::log::write::info:2","__zplug::job::polling::periodic:9","-zsh:1"],"date":"2018-10-16T01:05:05+0900"}
{"pid":3010,"shlvl":1,"level":"INFO","dir":"/Users/ysnishi","message":"turn monitor on","trace":["__zplug::log::write::info:2","__zplug::job::polling::periodic:9","-zsh:1"],"date":"2018-10-16T01:13:31+0900"}
{"pid":3267,"shlvl":1,"level":"INFO","dir":"/Users/ysnishi","message":"turn monitor on","trace":["__zplug::log::write::info:2","__zplug::job::polling::periodic:9","-zsh:1"],"date":"2018-10-16T01:14:14+0900"}
{"pid":3267,"shlvl":1,"level":"INFO","dir":"/Users/ysnishi","message":"turn monitor on","trace":["__zplug::log::write::info:2","__zplug::job::polling::periodic:9","-zsh:7"],"date":"2018-10-16T01:16:54+0900"}
{"pid":3267,"shlvl":1,"level":"INFO","dir":"/Users/ysnishi/dotfiles","message":"turn monitor on","trace":["__zplug::log::write::info:2","__zplug::job::polling::periodic:9","-zsh:20"],"date":"2018-10-16T01:48:44+0900"}
{"pid":4975,"shlvl":1,"level":"INFO","dir":"/Users/ysnishi","message":"turn monitor on","trace":["__zplug::log::write::info:2","__zplug::job::polling::periodic:9","-zsh:1"],"date":"2018-10-16T01:49:35+0900"}
{"pid":5265,"shlvl":1,"level":"INFO","dir":"/Users/ysnishi","message":"turn monitor on","trace":["__zplug::log::write::info:2","__zplug::job::polling::periodic:9","-zsh:1"],"date":"2018-10-16T01:50:04+0900"}
{"pid":5660,"shlvl":1,"level":"INFO","dir":"/Users/ysnishi","message":"turn monitor on","trace":["__zplug::log::write::info:2","__zplug::job::polling::periodic:9","-zsh:1"],"date":"2018-10-16T01:51:21+0900"}
{"pid":6263,"shlvl":1,"level":"INFO","dir":"/Users/ysnishi","message":"turn monitor on","trace":["__zplug::log::write::info:2","__zplug::job::polling::periodic:9","-zsh:1"],"date":"2018-10-16T01:59:53+0900"}
{"pid":7411,"shlvl":1,"level":"INFO","dir":"/Users/ysnishi","message":"turn monitor on","trace":["__zplug::log::write::info:2","__zplug::job::polling::periodic:9","-zsh:1"],"date":"2018-10-16T02:10:16+0900"}
{"pid":7695,"shlvl":1,"level":"INFO","dir":"/Users/ysnishi","message":"turn monitor on","trace":["__zplug::log::write::info:2","__zplug::job::polling::periodic:9","-zsh:1"],"date":"2018-10-16T02:35:50+0900"}
{"pid":7695,"shlvl":1,"level":"INFO","dir":"/Users/ysnishi/dotfiles","message":"turn monitor on","trace":["__zplug::log::write::info:2","__zplug::job::polling::periodic:9","-zsh:12"],"date":"2018-10-16T02:37:32+0900"}
{"pid":8658,"shlvl":1,"level":"INFO","dir":"/Users/ysnishi","message":"turn monitor on","trace":["__zplug::log::write::info:2","__zplug::job::polling::periodic:9","-zsh:1"],"date":"2018-10-16T02:42:42+0900"}
{"pid":10420,"shlvl":1,"level":"INFO","dir":"/Users/ysnishi","message":"turn monitor on","trace":["__zplug::log::write::info:2","__zplug::job::polling::periodic:9","-zsh:1"],"date":"2018-10-16T03:04:50+0900"}
{"pid":10880,"shlvl":1,"level":"INFO","dir":"/Users/ysnishi","message":"turn monitor on","trace":["__zplug::log::write::info:2","__zplug::job::polling::periodic:9","-zsh:1"],"date":"2018-10-16T03:05:45+0900"}
{"pid":10880,"shlvl":1,"level":"INFO","dir":"/Users/ysnishi","message":"turn monitor on","trace":["__zplug::log::write::info:2","__zplug::job::polling::periodic:9","-zsh:8"],"date":"2018-10-16T03:08:23+0900"}
{"pid":11528,"shlvl":1,"level":"INFO","dir":"/Users/ysnishi","message":"turn monitor on","trace":["__zplug::log::write::info:2","__zplug::job::polling::periodic:9","-zsh:1"],"date":"2018-10-16T03:08:32+0900"}
{"pid":11528,"shlvl":1,"level":"INFO","dir":"/Users/ysnishi/dotfiles","message":"turn monitor on","trace":["__zplug::log::write::info:2","__zplug::job::polling::periodic:9","-zsh:6"],"date":"2018-10-16T03:19:14+0900"}
{"pid":37625,"shlvl":1,"level":"ERROR","dir":"/","message":"tput: No value for $TERM and no -T specified","trace":["__zplug::log::capture::error:8","__zplug::core::load::as_plugin:48","/usr/local/opt/zplug/cache/plugin.zsh:4","__zplug::core::load::from_cache:17","__load__:40","__zplug::core::core::run_interfaces:14","zplug:12","/Users/ysnishi/.zsh/z_zplug.zsh:34","/Users/ysnishi/.zshrc:118","zsh:0"],"date":"2019-03-09T00:58:02+0900"}
{"pid":50335,"shlvl":1,"level":"ERROR","dir":"/","message":"tput: No value for $TERM and no -T specified","trace":["__zplug::log::capture::error:8","__zplug::core::load::as_plugin:48","/usr/local/opt/zplug/cache/plugin.zsh:4","__zplug::core::load::from_cache:17","__load__:40","__zplug::core::core::run_interfaces:14","zplug:12","/Users/ysnishi/.zsh/z_zplug.zsh:34","/Users/ysnishi/.zshrc:122","zsh:0"],"date":"2019-03-09T16:38:59+0900"}
